f:\qtdemo\serialportassistant\serialportassistant\x64\debug\tcpclient.obj
f:\qtdemo\serialportassistant\serialportassistant\x64\debug\qrc_serialportassistant.obj
f:\qtdemo\serialportassistant\serialportassistant\x64\debug\moc_aboutdlg.obj
f:\qtdemo\serialportassistant\serialportassistant\x64\debug\settingdlg.obj
f:\qtdemo\serialportassistant\serialportassistant\x64\debug\moc_asciidlg.obj
f:\qtdemo\serialportassistant\serialportassistant\x64\debug\childwidget.obj
f:\qtdemo\serialportassistant\serialportassistant\x64\debug\moc_customcoldlg.obj
f:\qtdemo\serialportassistant\serialportassistant\x64\debug\asciidlg.obj
f:\qtdemo\serialportassistant\serialportassistant\x64\debug\moc_childwidget.obj
f:\qtdemo\serialportassistant\serialportassistant\x64\debug\serialportassistant.obj
f:\qtdemo\serialportassistant\serialportassistant\x64\debug\moc_tcpclient.obj
f:\qtdemo\serialportassistant\serialportassistant\x64\debug\main.obj
f:\qtdemo\serialportassistant\serialportassistant\x64\debug\moc_serialportassistant.obj
f:\qtdemo\serialportassistant\serialportassistant\x64\debug\customcoldlg.obj
f:\qtdemo\serialportassistant\serialportassistant\x64\debug\toolshelp.obj
f:\qtdemo\serialportassistant\serialportassistant\x64\debug\moc_tcpserver.obj
f:\qtdemo\serialportassistant\serialportassistant\x64\debug\aboutdlg.obj
f:\qtdemo\serialportassistant\serialportassistant\x64\debug\tcpserver.obj
f:\qtdemo\serialportassistant\serialportassistant\x64\debug\moc_settingdlg.obj
f:\qtdemo\serialportassistant\serialportassistant\x64\debug\vc141.pdb
f:\qtdemo\serialportassistant\serialportassistant\.\generatedfiles\debug\moc_serialportassistant.cpp
f:\qtdemo\serialportassistant\serialportassistant\.\generatedfiles\debug\moc_childwidget.cpp
f:\qtdemo\serialportassistant\serialportassistant\.\generatedfiles\debug\moc_aboutdlg.cpp
f:\qtdemo\serialportassistant\serialportassistant\.\generatedfiles\debug\moc_asciidlg.cpp
f:\qtdemo\serialportassistant\serialportassistant\.\generatedfiles\debug\moc_customcoldlg.cpp
f:\qtdemo\serialportassistant\serialportassistant\.\generatedfiles\debug\moc_tcpserver.cpp
f:\qtdemo\serialportassistant\serialportassistant\.\generatedfiles\debug\moc_tcpclient.cpp
f:\qtdemo\serialportassistant\serialportassistant\.\generatedfiles\debug\moc_settingdlg.cpp
f:\qtdemo\serialportassistant\serialportassistant\x64\debug\ico.res
f:\qtdemo\serialportassistant\serialportassistant\.\generatedfiles\qrc_serialportassistant.cpp
f:\qtdemo\serialportassistant\serialportassistant\generatedfiles\qrc_serialportassistant.cpp
f:\qtdemo\serialportassistant\serialportassistant\generatedfiles\debug\moc_serialportassistant.cpp
f:\qtdemo\serialportassistant\serialportassistant\generatedfiles\debug\moc_childwidget.cpp
f:\qtdemo\serialportassistant\serialportassistant\generatedfiles\debug\moc_aboutdlg.cpp
f:\qtdemo\serialportassistant\serialportassistant\generatedfiles\debug\moc_asciidlg.cpp
f:\qtdemo\serialportassistant\serialportassistant\generatedfiles\debug\moc_customcoldlg.cpp
f:\qtdemo\serialportassistant\serialportassistant\generatedfiles\debug\moc_tcpserver.cpp
f:\qtdemo\serialportassistant\serialportassistant\generatedfiles\debug\moc_tcpclient.cpp
f:\qtdemo\serialportassistant\serialportassistant\generatedfiles\debug\moc_settingdlg.cpp
f:\qtdemo\serialportassistant\x64\debug\serialportassistant.pdb
f:\qtdemo\serialportassistant\serialportassistant\x64\debug\serialpo.b12702ad.tlog\cl.11416.write.1.tlog
f:\qtdemo\serialportassistant\serialportassistant\x64\debug\serialpo.b12702ad.tlog\cl.command.1.tlog
f:\qtdemo\serialportassistant\serialportassistant\x64\debug\serialpo.b12702ad.tlog\cl.read.1.tlog
f:\qtdemo\serialportassistant\serialportassistant\x64\debug\serialpo.b12702ad.tlog\link-cvtres.read.1.tlog
f:\qtdemo\serialportassistant\serialportassistant\x64\debug\serialpo.b12702ad.tlog\link-cvtres.write.1.tlog
f:\qtdemo\serialportassistant\serialportassistant\x64\debug\serialpo.b12702ad.tlog\link-rc.read.1.tlog
f:\qtdemo\serialportassistant\serialportassistant\x64\debug\serialpo.b12702ad.tlog\link-rc.write.1.tlog
f:\qtdemo\serialportassistant\serialportassistant\x64\debug\serialpo.b12702ad.tlog\link.command.1.tlog
f:\qtdemo\serialportassistant\serialportassistant\x64\debug\serialpo.b12702ad.tlog\link.read.1.tlog
f:\qtdemo\serialportassistant\serialportassistant\x64\debug\serialpo.b12702ad.tlog\link.write.1.tlog
f:\qtdemo\serialportassistant\serialportassistant\x64\debug\serialpo.b12702ad.tlog\moc.read.1u.tlog
f:\qtdemo\serialportassistant\serialportassistant\x64\debug\serialpo.b12702ad.tlog\moc.write.1u.tlog
f:\qtdemo\serialportassistant\serialportassistant\x64\debug\serialpo.b12702ad.tlog\rc.command.1.tlog
f:\qtdemo\serialportassistant\serialportassistant\x64\debug\serialpo.b12702ad.tlog\rc.read.1.tlog
f:\qtdemo\serialportassistant\serialportassistant\x64\debug\serialpo.b12702ad.tlog\rc.write.1.tlog
f:\qtdemo\serialportassistant\serialportassistant\x64\debug\serialpo.b12702ad.tlog\rcc.read.1u.tlog
f:\qtdemo\serialportassistant\serialportassistant\x64\debug\serialpo.b12702ad.tlog\rcc.write.1u.tlog
f:\qtdemo\serialportassistant\serialportassistant\x64\debug\serialpo.b12702ad.tlog\serialportassistant.write.1u.tlog
