f:\qtdemo\serialportassistant\serialportassistant\x64\release\childwidget.obj
f:\qtdemo\serialportassistant\serialportassistant\x64\release\tcpclient.obj
f:\qtdemo\serialportassistant\serialportassistant\x64\release\tcpserver.obj
f:\qtdemo\serialportassistant\serialportassistant\x64\release\moc_settingdlg.obj
f:\qtdemo\serialportassistant\serialportassistant\x64\release\main.obj
f:\qtdemo\serialportassistant\serialportassistant\x64\release\toolshelp.obj
f:\qtdemo\serialportassistant\serialportassistant\x64\release\moc_asciidlg.obj
f:\qtdemo\serialportassistant\serialportassistant\x64\release\customcoldlg.obj
f:\qtdemo\serialportassistant\serialportassistant\x64\release\qrc_serialportassistant.obj
f:\qtdemo\serialportassistant\serialportassistant\x64\release\moc_childwidget.obj
f:\qtdemo\serialportassistant\serialportassistant\x64\release\aboutdlg.obj
f:\qtdemo\serialportassistant\serialportassistant\x64\release\moc_serialportassistant.obj
f:\qtdemo\serialportassistant\serialportassistant\x64\release\settingdlg.obj
f:\qtdemo\serialportassistant\serialportassistant\x64\release\moc_customcoldlg.obj
f:\qtdemo\serialportassistant\serialportassistant\x64\release\asciidlg.obj
f:\qtdemo\serialportassistant\serialportassistant\x64\release\moc_aboutdlg.obj
f:\qtdemo\serialportassistant\serialportassistant\x64\release\serialportassistant.obj
f:\qtdemo\serialportassistant\serialportassistant\x64\release\moc_tcpclient.obj
f:\qtdemo\serialportassistant\serialportassistant\x64\release\moc_tcpserver.obj
f:\qtdemo\serialportassistant\x64\release\serialportassistant.exe
f:\qtdemo\serialportassistant\serialportassistant\.\generatedfiles\release\moc_serialportassistant.cpp
f:\qtdemo\serialportassistant\serialportassistant\.\generatedfiles\release\moc_childwidget.cpp
f:\qtdemo\serialportassistant\serialportassistant\.\generatedfiles\release\moc_aboutdlg.cpp
f:\qtdemo\serialportassistant\serialportassistant\.\generatedfiles\release\moc_asciidlg.cpp
f:\qtdemo\serialportassistant\serialportassistant\.\generatedfiles\release\moc_customcoldlg.cpp
f:\qtdemo\serialportassistant\serialportassistant\.\generatedfiles\release\moc_tcpserver.cpp
f:\qtdemo\serialportassistant\serialportassistant\.\generatedfiles\release\moc_tcpclient.cpp
f:\qtdemo\serialportassistant\serialportassistant\.\generatedfiles\release\moc_settingdlg.cpp
f:\qtdemo\serialportassistant\serialportassistant\x64\release\ico.res
f:\qtdemo\serialportassistant\serialportassistant\.\generatedfiles\qrc_serialportassistant.cpp
f:\qtdemo\serialportassistant\serialportassistant\generatedfiles\qrc_serialportassistant.cpp
f:\qtdemo\serialportassistant\serialportassistant\generatedfiles\release\moc_serialportassistant.cpp
f:\qtdemo\serialportassistant\serialportassistant\generatedfiles\release\moc_childwidget.cpp
f:\qtdemo\serialportassistant\serialportassistant\generatedfiles\release\moc_aboutdlg.cpp
f:\qtdemo\serialportassistant\serialportassistant\generatedfiles\release\moc_asciidlg.cpp
f:\qtdemo\serialportassistant\serialportassistant\generatedfiles\release\moc_customcoldlg.cpp
f:\qtdemo\serialportassistant\serialportassistant\generatedfiles\release\moc_tcpserver.cpp
f:\qtdemo\serialportassistant\serialportassistant\generatedfiles\release\moc_tcpclient.cpp
f:\qtdemo\serialportassistant\serialportassistant\generatedfiles\release\moc_settingdlg.cpp
f:\qtdemo\serialportassistant\serialportassistant\x64\release\serialpo.b12702ad.tlog\cl.command.1.tlog
f:\qtdemo\serialportassistant\serialportassistant\x64\release\serialpo.b12702ad.tlog\cl.read.1.tlog
f:\qtdemo\serialportassistant\serialportassistant\x64\release\serialpo.b12702ad.tlog\cl.write.1.tlog
f:\qtdemo\serialportassistant\serialportassistant\x64\release\serialpo.b12702ad.tlog\link.command.1.tlog
f:\qtdemo\serialportassistant\serialportassistant\x64\release\serialpo.b12702ad.tlog\link.read.1.tlog
f:\qtdemo\serialportassistant\serialportassistant\x64\release\serialpo.b12702ad.tlog\link.write.1.tlog
f:\qtdemo\serialportassistant\serialportassistant\x64\release\serialpo.b12702ad.tlog\moc.read.1u.tlog
f:\qtdemo\serialportassistant\serialportassistant\x64\release\serialpo.b12702ad.tlog\moc.write.1u.tlog
f:\qtdemo\serialportassistant\serialportassistant\x64\release\serialpo.b12702ad.tlog\rc.command.1.tlog
f:\qtdemo\serialportassistant\serialportassistant\x64\release\serialpo.b12702ad.tlog\rc.read.1.tlog
f:\qtdemo\serialportassistant\serialportassistant\x64\release\serialpo.b12702ad.tlog\rc.write.1.tlog
f:\qtdemo\serialportassistant\serialportassistant\x64\release\serialpo.b12702ad.tlog\rcc.read.1u.tlog
f:\qtdemo\serialportassistant\serialportassistant\x64\release\serialpo.b12702ad.tlog\rcc.write.1u.tlog
f:\qtdemo\serialportassistant\serialportassistant\x64\release\serialpo.b12702ad.tlog\serialportassistant.write.1u.tlog
